<?xml version="1.0" encoding="UTF-8"?>
<testsuite name="com.framework.tests.TestGoogle" tests="4" skipped="0" failures="0" errors="0" timestamp="2018-07-17T11:37:28" hostname="USFRKEVDIF00564" time="63.121">
  <properties/>
  <testcase name="testGoogle[0](Selenium)" classname="com.framework.tests.TestGoogle" time="23.119"/>
  <testcase name="testGoogle[1](Java)" classname="com.framework.tests.TestGoogle" time="14.581"/>
  <testcase name="testGoogle[2](JavaScript)" classname="com.framework.tests.TestGoogle" time="12.493"/>
  <testcase name="testGoogle[3](Hadoop)" classname="com.framework.tests.TestGoogle" time="12.925"/>
  <system-out><![CDATA[Inside initWebDriver : Browser type is :CHROME
Windows chrome driver:/C:/Users/yugandhar-gorrepati/framework/build/resources/test/drivers/chromedriver.exe
Init chrome driver :: 
	OS_NAME ->windows

	OS_VERSION ->64

	BROWSER_TYPE ->CHROME

	BASEURL ->https://www.google.co.in/

	driverpath for windows->/C:/Users/yugandhar-gorrepati/framework/build/resources/test/drivers/chromedriver.exe
chrome
XP
Browser Name: chrome OS name: XP Browser version: 67.0.3396.99
navigated to https://www.google.co.in/ page title : Google
after send keys locator - [name: q] value - 
after send keys locator - [name: q] value - Selenium
after send keys locator - [name: q]
----- closeBrowser() : Closing the currently opened browser and killing driver CHROME
Inside initWebDriver : Browser type is :CHROME
Windows chrome driver:/C:/Users/yugandhar-gorrepati/framework/build/resources/test/drivers/chromedriver.exe
Init chrome driver :: 
	OS_NAME ->windows

	OS_VERSION ->64

	BROWSER_TYPE ->CHROME

	BASEURL ->https://www.google.co.in/

	driverpath for windows->/C:/Users/yugandhar-gorrepati/framework/build/resources/test/drivers/chromedriver.exe
chrome
XP
Browser Name: chrome OS name: XP Browser version: 67.0.3396.99
navigated to https://www.google.co.in/ page title : Google
after send keys locator - [name: q] value - 
after send keys locator - [name: q] value - Java
after send keys locator - [name: q]
----- closeBrowser() : Closing the currently opened browser and killing driver CHROME
Inside initWebDriver : Browser type is :CHROME
Windows chrome driver:/C:/Users/yugandhar-gorrepati/framework/build/resources/test/drivers/chromedriver.exe
Init chrome driver :: 
	OS_NAME ->windows

	OS_VERSION ->64

	BROWSER_TYPE ->CHROME

	BASEURL ->https://www.google.co.in/

	driverpath for windows->/C:/Users/yugandhar-gorrepati/framework/build/resources/test/drivers/chromedriver.exe
chrome
XP
Browser Name: chrome OS name: XP Browser version: 67.0.3396.99
navigated to https://www.google.co.in/ page title : Google
after send keys locator - [name: q] value - 
after send keys locator - [name: q] value - JavaScript
after send keys locator - [name: q]
----- closeBrowser() : Closing the currently opened browser and killing driver CHROME
Inside initWebDriver : Browser type is :CHROME
Windows chrome driver:/C:/Users/yugandhar-gorrepati/framework/build/resources/test/drivers/chromedriver.exe
Init chrome driver :: 
	OS_NAME ->windows

	OS_VERSION ->64

	BROWSER_TYPE ->CHROME

	BASEURL ->https://www.google.co.in/

	driverpath for windows->/C:/Users/yugandhar-gorrepati/framework/build/resources/test/drivers/chromedriver.exe
chrome
XP
Browser Name: chrome OS name: XP Browser version: 67.0.3396.99
navigated to https://www.google.co.in/ page title : Google
after send keys locator - [name: q] value - 
after send keys locator - [name: q] value - Hadoop
after send keys locator - [name: q]
----- closeBrowser() : Closing the currently opened browser and killing driver CHROME
]]></system-out>
  <system-err><![CDATA[log4j:WARN No appenders could be found for logger (com.framework.lib.TestListener).
log4j:WARN Please initialize the log4j system properly.
Starting ChromeDriver 2.35.528161 (5b82f2d2aae0ca24b877009200ced9065a772e73) on port 25423
Only local connections are allowed.
Starting ChromeDriver 2.35.528161 (5b82f2d2aae0ca24b877009200ced9065a772e73) on port 38582
Only local connections are allowed.
Starting ChromeDriver 2.35.528161 (5b82f2d2aae0ca24b877009200ced9065a772e73) on port 22652
Only local connections are allowed.
Starting ChromeDriver 2.35.528161 (5b82f2d2aae0ca24b877009200ced9065a772e73) on port 37601
Only local connections are allowed.
]]></system-err>
</testsuite>
