<?xml version="1.0" encoding="UTF-8"?>
<!-- Generated by org.testng.reporters.JUnitReportReporter -->
<testsuite skipped="0" hostname="USFRKEVDIF00564" name="com.framework.tests.TestGoogle" tests="4" failures="0" timestamp="17 Jul 2018 11:38:32 GMT" time="63.118" errors="0">
  <testcase name="testGoogle" time="23.119" classname="com.framework.tests.TestGoogle"/>
  <testcase name="testGoogle" time="12.925" classname="com.framework.tests.TestGoogle"/>
  <testcase name="testGoogle" time="12.493" classname="com.framework.tests.TestGoogle"/>
  <testcase name="testGoogle" time="14.581" classname="com.framework.tests.TestGoogle"/>
</testsuite> <!-- com.framework.tests.TestGoogle -->
